<?xml version="1.0" encoding="UTF-8"?>
<testsuite xmlns:xsi="http://www.w3.org/2001/XMLSchema-instance" xsi:noNamespaceSchemaLocation="https://maven.apache.org/surefire/maven-surefire-plugin/xsd/surefire-test-report.xsd" name="net.javaguides.springboot.SpringbootThymeleafCrudWebAppApplicationTests" time="18.473" tests="72" errors="0" skipped="0" failures="0">
  <properties>
[...]
</properties>
  <testcase name="loadUserbyUsername" classname="net.javaguides.springboot.SpringbootThymeleafCrudWebAppApplicationTests" time="0.449"/>
  <testcase name="testSetReservationSquedule" classname="net.javaguides.springboot.SpringbootThymeleafCrudWebAppApplicationTests" time="0"/>
  <testcase name="testSetDeskType" classname="net.javaguides.springboot.SpringbootThymeleafCrudWebAppApplicationTests" time="0"/>
  <testcase name="testSetUserFirstName" classname="net.javaguides.springboot.SpringbootThymeleafCrudWebAppApplicationTests" time="0"/>
  <testcase name="createNotification" classname="net.javaguides.springboot.SpringbootThymeleafCrudWebAppApplicationTests" time="0.034"/>
  <testcase name="testSetReservationDesk" classname="net.javaguides.springboot.SpringbootThymeleafCrudWebAppApplicationTests" time="0.001"/>
  <testcase name="testSetReservationRoom" classname="net.javaguides.springboot.SpringbootThymeleafCrudWebAppApplicationTests" time="0"/>
  <testcase name="testSetReservationTime" classname="net.javaguides.springboot.SpringbootThymeleafCrudWebAppApplicationTests" time="0"/>
  <testcase name="testSetReservationUser" classname="net.javaguides.springboot.SpringbootThymeleafCrudWebAppApplicationTests" time="0"/>
  <testcase name="createRoomRecord" classname="net.javaguides.springboot.SpringbootThymeleafCrudWebAppApplicationTests" time="0.143"/>
  <testcase name="testSetChatType" classname="net.javaguides.springboot.SpringbootThymeleafCrudWebAppApplicationTests" time="0"/>
  <testcase name="testSetChatCol" classname="net.javaguides.springboot.SpringbootThymeleafCrudWebAppApplicationTests" time="0"/>
  <testcase name="testSetChatRow" classname="net.javaguides.springboot.SpringbootThymeleafCrudWebAppApplicationTests" time="0"/>
  <testcase name="findBuilding" classname="net.javaguides.springboot.SpringbootThymeleafCrudWebAppApplicationTests" time="0"/>
  <testcase name="testSetDeskColumn" classname="net.javaguides.springboot.SpringbootThymeleafCrudWebAppApplicationTests" time="0"/>
  <testcase name="faqList" classname="net.javaguides.springboot.SpringbootThymeleafCrudWebAppApplicationTests" time="2.051"/>
  <testcase name="testSetCovidId" classname="net.javaguides.springboot.SpringbootThymeleafCrudWebAppApplicationTests" time="0"/>
  <testcase name="testSetDeskNumber" classname="net.javaguides.springboot.SpringbootThymeleafCrudWebAppApplicationTests" time="0"/>
  <testcase name="findFaq" classname="net.javaguides.springboot.SpringbootThymeleafCrudWebAppApplicationTests" time="0"/>
  <testcase name="testSetDeskRoomId" classname="net.javaguides.springboot.SpringbootThymeleafCrudWebAppApplicationTests" time="0"/>
  <testcase name="findDesk" classname="net.javaguides.springboot.SpringbootThymeleafCrudWebAppApplicationTests" time="0"/>
  <testcase name="findUser" classname="net.javaguides.springboot.SpringbootThymeleafCrudWebAppApplicationTests" time="0"/>
  <testcase name="createBuildingDto" classname="net.javaguides.springboot.SpringbootThymeleafCrudWebAppApplicationTests" time="0.103"/>
  <testcase name="testSetCovidUserId" classname="net.javaguides.springboot.SpringbootThymeleafCrudWebAppApplicationTests" time="0"/>
  <testcase name="testRestREservationPerRoom" classname="net.javaguides.springboot.SpringbootThymeleafCrudWebAppApplicationTests" time="0.414"/>
  <testcase name="testRestgetInfections" classname="net.javaguides.springboot.SpringbootThymeleafCrudWebAppApplicationTests" time="0.365"/>
  <testcase name="createBuilding" classname="net.javaguides.springboot.SpringbootThymeleafCrudWebAppApplicationTests" time="0.252"/>
  <testcase name="testSetDeskRow" classname="net.javaguides.springboot.SpringbootThymeleafCrudWebAppApplicationTests" time="0"/>
  <testcase name="changeNewPassword" classname="net.javaguides.springboot.SpringbootThymeleafCrudWebAppApplicationTests" time="0"/>
  <testcase name="testSetRoomReservationBuilding" classname="net.javaguides.springboot.SpringbootThymeleafCrudWebAppApplicationTests" time="0"/>
  <testcase name="listcovid19" classname="net.javaguides.springboot.SpringbootThymeleafCrudWebAppApplicationTests" time="0.265"/>
  <testcase name="listBuilding" classname="net.javaguides.springboot.SpringbootThymeleafCrudWebAppApplicationTests" time="0.153"/>
  <testcase name="userList" classname="net.javaguides.springboot.SpringbootThymeleafCrudWebAppApplicationTests" time="1.131"/>
  <testcase name="findReservation" classname="net.javaguides.springboot.SpringbootThymeleafCrudWebAppApplicationTests" time="0"/>
  <testcase name="roomList" classname="net.javaguides.springboot.SpringbootThymeleafCrudWebAppApplicationTests" time="0.282"/>
  <testcase name="testSetChatUsers" classname="net.javaguides.springboot.SpringbootThymeleafCrudWebAppApplicationTests" time="0"/>
  <testcase name="findcovid19" classname="net.javaguides.springboot.SpringbootThymeleafCrudWebAppApplicationTests" time="0"/>
  <testcase name="testSetUserLastName" classname="net.javaguides.springboot.SpringbootThymeleafCrudWebAppApplicationTests" time="0"/>
  <testcase name="testSetRoomReservationSquedule" classname="net.javaguides.springboot.SpringbootThymeleafCrudWebAppApplicationTests" time="0"/>
  <testcase name="changeRepeatPassword" classname="net.javaguides.springboot.SpringbootThymeleafCrudWebAppApplicationTests" time="0"/>
  <testcase name="testChargeRooms" classname="net.javaguides.springboot.SpringbootThymeleafCrudWebAppApplicationTests" time="0.3"/>
  <testcase name="testSetCovidDate" classname="net.javaguides.springboot.SpringbootThymeleafCrudWebAppApplicationTests" time="0"/>
  <testcase name="testUsername" classname="net.javaguides.springboot.SpringbootThymeleafCrudWebAppApplicationTests" time="0"/>
  <testcase name="findNotification" classname="net.javaguides.springboot.SpringbootThymeleafCrudWebAppApplicationTests" time="0"/>
  <testcase name="testSetRoomReservationId" classname="net.javaguides.springboot.SpringbootThymeleafCrudWebAppApplicationTests" time="0"/>
  <testcase name="createFaq" classname="net.javaguides.springboot.SpringbootThymeleafCrudWebAppApplicationTests" time="0.051"/>
  <testcase name="changeOldPassword" classname="net.javaguides.springboot.SpringbootThymeleafCrudWebAppApplicationTests" time="0"/>
  <testcase name="testRestgetInfectionsPerWeek" classname="net.javaguides.springboot.SpringbootThymeleafCrudWebAppApplicationTests" time="0.165"/>
  <testcase name="testSetChatRoomId" classname="net.javaguides.springboot.SpringbootThymeleafCrudWebAppApplicationTests" time="0"/>
  <testcase name="testSetRoomReservationRoom" classname="net.javaguides.springboot.SpringbootThymeleafCrudWebAppApplicationTests" time="0"/>
  <testcase name="testSetRoomReservationTime" classname="net.javaguides.springboot.SpringbootThymeleafCrudWebAppApplicationTests" time="0"/>
  <testcase name="testSetRoomReservationUser" classname="net.javaguides.springboot.SpringbootThymeleafCrudWebAppApplicationTests" time="0"/>
  <testcase name="deleteBuilding" classname="net.javaguides.springboot.SpringbootThymeleafCrudWebAppApplicationTests" time="0.244"/>
  <testcase name="testSetDeskId" classname="net.javaguides.springboot.SpringbootThymeleafCrudWebAppApplicationTests" time="0"/>
  <testcase name="testMonitor" classname="net.javaguides.springboot.SpringbootThymeleafCrudWebAppApplicationTests" time="0"/>
  <testcase name="testInfected" classname="net.javaguides.springboot.SpringbootThymeleafCrudWebAppApplicationTests" time="0"/>
  <testcase name="deskList" classname="net.javaguides.springboot.SpringbootThymeleafCrudWebAppApplicationTests" time="1.124"/>
  <testcase name="testRestgetReservations" classname="net.javaguides.springboot.SpringbootThymeleafCrudWebAppApplicationTests" time="0.782"/>
  <testcase name="createUser" classname="net.javaguides.springboot.SpringbootThymeleafCrudWebAppApplicationTests" time="0.192"/>
  <testcase name="testSetBuildingName" classname="net.javaguides.springboot.SpringbootThymeleafCrudWebAppApplicationTests" time="0"/>
  <testcase name="testSetReservationId" classname="net.javaguides.springboot.SpringbootThymeleafCrudWebAppApplicationTests" time="0"/>
  <testcase name="createcovid19" classname="net.javaguides.springboot.SpringbootThymeleafCrudWebAppApplicationTests" time="0.09"/>
  <testcase name="roomRecordList" classname="net.javaguides.springboot.SpringbootThymeleafCrudWebAppApplicationTests" time="0.127"/>
  <testcase name="testSetIdal" classname="net.javaguides.springboot.SpringbootThymeleafCrudWebAppApplicationTests" time="0"/>
  <testcase name="notificationList" classname="net.javaguides.springboot.SpringbootThymeleafCrudWebAppApplicationTests" time="0.334"/>
  <testcase name="testSetReservationBuilding" classname="net.javaguides.springboot.SpringbootThymeleafCrudWebAppApplicationTests" time="0"/>
  <testcase name="testSetBuildingAddress" classname="net.javaguides.springboot.SpringbootThymeleafCrudWebAppApplicationTests" time="0"/>
  <testcase name="testSetBuildingId" classname="net.javaguides.springboot.SpringbootThymeleafCrudWebAppApplicationTests" time="0"/>
  <testcase name="testPassword" classname="net.javaguides.springboot.SpringbootThymeleafCrudWebAppApplicationTests" time="0"/>
  <testcase name="findUserbyUsername" classname="net.javaguides.springboot.SpringbootThymeleafCrudWebAppApplicationTests" time="0.939"/>
  <testcase name="createUserDto" classname="net.javaguides.springboot.SpringbootThymeleafCrudWebAppApplicationTests" time="0.25"/>
  <testcase name="testSetEmail" classname="net.javaguides.springboot.SpringbootThymeleafCrudWebAppApplicationTests" time="0"/>
</testsuite>